{
  "RSpec": {
    "coverage": {
      "/Users/BYWallace/dev/reel.ly/spec/features/user_can_select_movie_spec.rb": [
        1,
        null,
        1,
        1,
        1,
        1,
        null,
        null,
        1,
        1,
        null,
        null,
        null,
        null,
        null,
        null,
        null,
        1,
        1,
        1,
        1,
        1,
        null,
        null
      ],
      "/Users/BYWallace/dev/reel.ly/app/models/movie.rb": [
        1,
        1,
        null,
        1,
        0,
        0,
        0,
        0,
        null,
        null,
        null,
        null,
        null,
        null,
        null,
        null,
        1,
        0,
        0,
        0,
        0,
        null,
        null,
        null
      ],
      "/Users/BYWallace/dev/reel.ly/app/controllers/welcome_controller.rb": [
        1,
        1,
        4,
        null,
        null
      ],
      "/Users/BYWallace/dev/reel.ly/app/controllers/application_controller.rb": [
        1,
        null,
        null,
        1,
        null,
        null
      ],
      "/Users/BYWallace/dev/reel.ly/app/controllers/rankings_controller.rb": [
        1,
        1,
        1,
        1,
        null,
        null,
        1,
        1,
        1,
        null,
        null,
        1,
        0,
        0,
        0,
        0,
        null,
        null,
        0,
        null,
        null,
        1,
        0,
        0,
        0,
        null,
        0,
        null,
        null,
        null,
        1,
        0,
        0,
        0,
        0,
        null,
        null,
        1,
        0,
        0,
        0,
        0,
        null,
        null,
        1,
        null,
        1,
        0,
        null,
        null,
        null
      ],
      "/Users/BYWallace/dev/reel.ly/app/models/ranking.rb": [
        1,
        1,
        1,
        null,
        1,
        0,
        null,
        null,
        null
      ],
      "/Users/BYWallace/dev/reel.ly/app/controllers/movies_controller.rb": [
        1,
        1,
        1,
        null,
        1,
        0,
        0,
        null,
        0,
        null,
        1,
        null,
        1,
        null,
        null
      ]
    },
    "timestamp": 1406224576
  }
}
