{
  "RSpec": {
    "coverage": {
      "/Users/BYWallace/dev/reel.ly/app/models/movie.rb": [
        1,
        1,
        1,
        1,
        null,
        1,
        0,
        0,
        0,
        0,
        null,
        null,
        null,
        null,
        null,
        null,
        null,
        null,
        1,
        0,
        0,
        0,
        0,
        null,
        null,
        null
      ],
      "/Users/BYWallace/dev/reel.ly/spec/models/ranking_spec.rb": [
        1,
        null,
        1,
        2,
        2,
        null,
        1,
        1,
        null,
        null,
        null,
        1,
        1,
        1,
        null,
        null
      ],
      "/Users/BYWallace/dev/reel.ly/app/models/ranking.rb": [
        1,
        1,
        1,
        1,
        1,
        null,
        1,
        1,
        null,
        null,
        null
      ]
    },
    "timestamp": 1406591274
  }
}
